# JRE version: OpenJDK Runtime Environment Temurin-21.0.11+10 (21.0.11+10) (build 21.0.11+10-LTS)
# Java VM: OpenJDK 64-Bit Server VM Temurin-21.0.11+10 (21.0.11+10-LTS, mixed mode, sharing, tiered, compressed oops, compressed class ptrs, parallel gc, windows-amd64)
GC Precious Log:
 CardTable entry size: 512
 CPUs: 16 total, 16 available
 Memory: 14173M
 Large Page Support: Disabled
 NUMA Support: Disabled
 Compressed Oops: Enabled (32-bit)
 Alignments: Space 512K, Generation 512K, Heap 2M
 Heap Min Capacity: 100M
 Heap Initial Capacity: 100M
 Heap Max Capacity: 2G
 Pre-touch: Disabled
 Parallel Workers: 13
Heap:
 PSYoungGen      total 19968K, used 9739K [0x00000000d5580000, 0x00000000d7100000, 0x0000000100000000)
  eden space 17920K, 43% used [0x00000000d5580000,0x00000000d5d0ad10,0x00000000d6700000)
  from space 2048K, 98% used [0x00000000d6b00000,0x00000000d6cf8010,0x00000000d6d00000)
  to   space 4096K, 0% used [0x00000000d6700000,0x00000000d6700000,0x00000000d6b00000)
 ParOldGen       total 68608K, used 46778K [0x0000000080000000, 0x0000000084300000, 0x00000000d5580000)
  object space 68608K, 68% used [0x0000000080000000,0x0000000082dae8f8,0x0000000084300000)
 Metaspace       used 56439K, committed 57792K, reserved 1114112K
  class space    used 6122K, committed 6720K, reserved 1048576K
GC Heap History (20 events):
Event: 17.956 GC heap after
{Heap after GC invocations=30 (full 2):
 PSYoungGen      total 20480K, used 64K [0x00000000d5580000, 0x00000000d6c00000, 0x0000000100000000)
  eden space 19968K, 0% used [0x00000000d5580000,0x00000000d5580000,0x00000000d6900000)
  from space 512K, 12% used [0x00000000d6b80000,0x00000000d6b90000,0x00000000d6c00000)
  to   space 512K, 0% used [0x00000000d6b00000,0x00000000d6b00000,0x00000000d6b80000)
 ParOldGen       total 68608K, used 41486K [0x0000000080000000, 0x0000000084300000, 0x00000000d5580000)
  object space 68608K, 60% used [0x0000000080000000,0x00000000828838c8,0x0000000084300000)
 Metaspace       used 53272K, committed 54592K, reserved 1114112K
  class space    used 5786K, committed 6336K, reserved 1048576K
}
Event: 18.101 GC heap before
{Heap before GC invocations=31 (full 2):
 PSYoungGen      total 20480K, used 20032K [0x00000000d5580000, 0x00000000d6c00000, 0x0000000100000000)
  eden space 19968K, 100% used [0x00000000d5580000,0x00000000d6900000,0x00000000d6900000)
  from space 512K, 12% used [0x00000000d6b80000,0x00000000d6b90000,0x00000000d6c00000)
  to   space 512K, 0% used [0x00000000d6b00000,0x00000000d6b00000,0x00000000d6b80000)
 ParOldGen       total 68608K, used 41486K [0x0000000080000000, 0x0000000084300000, 0x00000000d5580000)
  object space 68608K, 60% used [0x0000000080000000,0x00000000828838c8,0x0000000084300000)
 Metaspace       used 53272K, committed 54592K, reserved 1114112K
  class space    used 5786K, committed 6336K, reserved 1048576K
}
Event: 18.102 GC heap after
{Heap after GC invocations=31 (full 2):
 PSYoungGen      total 20480K, used 192K [0x00000000d5580000, 0x00000000d6c00000, 0x0000000100000000)
  eden space 19968K, 0% used [0x00000000d5580000,0x00000000d5580000,0x00000000d6900000)
  from space 512K, 37% used [0x00000000d6b00000,0x00000000d6b30000,0x00000000d6b80000)
  to   space 512K, 0% used [0x00000000d6b80000,0x00000000d6b80000,0x00000000d6c00000)
 ParOldGen       total 68608K, used 41486K [0x0000000080000000, 0x0000000084300000, 0x00000000d5580000)
  object space 68608K, 60% used [0x0000000080000000,0x00000000828838c8,0x0000000084300000)
 Metaspace       used 53272K, committed 54592K, reserved 1114112K
  class space    used 5786K, committed 6336K, reserved 1048576K
}
Event: 18.249 GC heap before
{Heap before GC invocations=32 (full 2):
 PSYoungGen      total 20480K, used 20160K [0x00000000d5580000, 0x00000000d6c00000, 0x0000000100000000)
  eden space 19968K, 100% used [0x00000000d5580000,0x00000000d6900000,0x00000000d6900000)
  from space 512K, 37% used [0x00000000d6b00000,0x00000000d6b30000,0x00000000d6b80000)
  to   space 512K, 0% used [0x00000000d6b80000,0x00000000d6b80000,0x00000000d6c00000)
 ParOldGen       total 68608K, used 41486K [0x0000000080000000, 0x0000000084300000, 0x00000000d5580000)
  object space 68608K, 60% used [0x0000000080000000,0x00000000828838c8,0x0000000084300000)
 Metaspace       used 53272K, committed 54592K, reserved 1114112K
  class space    used 5786K, committed 6336K, reserved 1048576K
}
Event: 18.250 GC heap after
{Heap after GC invocations=32 (full 2):
 PSYoungGen      total 20480K, used 128K [0x00000000d5580000, 0x00000000d6c00000, 0x0000000100000000)
  eden space 19968K, 0% used [0x00000000d5580000,0x00000000d5580000,0x00000000d6900000)
  from space 512K, 25% used [0x00000000d6b80000,0x00000000d6ba0000,0x00000000d6c00000)
  to   space 512K, 0% used [0x00000000d6b00000,0x00000000d6b00000,0x00000000d6b80000)
 ParOldGen       total 68608K, used 41534K [0x0000000080000000, 0x0000000084300000, 0x00000000d5580000)
  object space 68608K, 60% used [0x0000000080000000,0x000000008288f8c8,0x0000000084300000)
 Metaspace       used 53272K, committed 54592K, reserved 1114112K
  class space    used 5786K, committed 6336K, reserved 1048576K
}
Event: 18.622 GC heap before
{Heap before GC invocations=33 (full 2):
 PSYoungGen      total 20480K, used 20096K [0x00000000d5580000, 0x00000000d6c00000, 0x0000000100000000)
  eden space 19968K, 100% used [0x00000000d5580000,0x00000000d6900000,0x00000000d6900000)
  from space 512K, 25% used [0x00000000d6b80000,0x00000000d6ba0000,0x00000000d6c00000)
  to   space 512K, 0% used [0x00000000d6b00000,0x00000000d6b00000,0x00000000d6b80000)
 ParOldGen       total 68608K, used 41534K [0x0000000080000000, 0x0000000084300000, 0x00000000d5580000)
  object space 68608K, 60% used [0x0000000080000000,0x000000008288f8c8,0x0000000084300000)
 Metaspace       used 53429K, committed 54720K, reserved 1114112K
  class space    used 5808K, committed 6336K, reserved 1048576K
}
Event: 18.624 GC heap after
{Heap after GC invocations=33 (full 2):
 PSYoungGen      total 20480K, used 512K [0x00000000d5580000, 0x00000000d6d00000, 0x0000000100000000)
  eden space 19968K, 0% used [0x00000000d5580000,0x00000000d5580000,0x00000000d6900000)
  from space 512K, 100% used [0x00000000d6b00000,0x00000000d6b80000,0x00000000d6b80000)
  to   space 1536K, 0% used [0x00000000d6b80000,0x00000000d6b80000,0x00000000d6d00000)
 ParOldGen       total 68608K, used 42566K [0x0000000080000000, 0x0000000084300000, 0x00000000d5580000)
  object space 68608K, 62% used [0x0000000080000000,0x00000000829918c8,0x0000000084300000)
 Metaspace       used 53429K, committed 54720K, reserved 1114112K
  class space    used 5808K, committed 6336K, reserved 1048576K
}
Event: 19.094 GC heap before
{Heap before GC invocations=34 (full 2):
 PSYoungGen      total 20480K, used 20480K [0x00000000d5580000, 0x00000000d6d00000, 0x0000000100000000)
  eden space 19968K, 100% used [0x00000000d5580000,0x00000000d6900000,0x00000000d6900000)
  from space 512K, 100% used [0x00000000d6b00000,0x00000000d6b80000,0x00000000d6b80000)
  to   space 1536K, 0% used [0x00000000d6b80000,0x00000000d6b80000,0x00000000d6d00000)
 ParOldGen       total 68608K, used 42566K [0x0000000080000000, 0x0000000084300000, 0x00000000d5580000)
  object space 68608K, 62% used [0x0000000080000000,0x00000000829918c8,0x0000000084300000)
 Metaspace       used 53754K, committed 55104K, reserved 1114112K
  class space    used 5844K, committed 6464K, reserved 1048576K
}
Event: 19.095 GC heap after
{Heap after GC invocations=34 (full 2):
 PSYoungGen      total 20480K, used 480K [0x00000000d5580000, 0x00000000d6c00000, 0x0000000100000000)
  eden space 19968K, 0% used [0x00000000d5580000,0x00000000d5580000,0x00000000d6900000)
  from space 512K, 93% used [0x00000000d6b80000,0x00000000d6bf8000,0x00000000d6c00000)
  to   space 1024K, 0% used [0x00000000d6a00000,0x00000000d6a00000,0x00000000d6b00000)
 ParOldGen       total 68608K, used 43142K [0x0000000080000000, 0x0000000084300000, 0x00000000d5580000)
  object space 68608K, 62% used [0x0000000080000000,0x0000000082a218c8,0x0000000084300000)
 Metaspace       used 53754K, committed 55104K, reserved 1114112K
  class space    used 5844K, committed 6464K, reserved 1048576K
}
Event: 19.288 GC heap before
{Heap before GC invocations=35 (full 2):
 PSYoungGen      total 20480K, used 20448K [0x00000000d5580000, 0x00000000d6c00000, 0x0000000100000000)
  eden space 19968K, 100% used [0x00000000d5580000,0x00000000d6900000,0x00000000d6900000)
  from space 512K, 93% used [0x00000000d6b80000,0x00000000d6bf8000,0x00000000d6c00000)
  to   space 1024K, 0% used [0x00000000d6a00000,0x00000000d6a00000,0x00000000d6b00000)
 ParOldGen       total 68608K, used 43142K [0x0000000080000000, 0x0000000084300000, 0x00000000d5580000)
  object space 68608K, 62% used [0x0000000080000000,0x0000000082a218c8,0x0000000084300000)
 Metaspace       used 53755K, committed 55104K, reserved 1114112K
  class space    used 5844K, committed 6464K, reserved 1048576K
}
Event: 19.289 GC heap after
{Heap after GC invocations=35 (full 2):
 PSYoungGen      total 20992K, used 192K [0x00000000d5580000, 0x00000000d6c00000, 0x0000000100000000)
  eden space 19968K, 0% used [0x00000000d5580000,0x00000000d5580000,0x00000000d6900000)
  from space 1024K, 18% used [0x00000000d6a00000,0x00000000d6a30000,0x00000000d6b00000)
  to   space 512K, 0% used [0x00000000d6b80000,0x00000000d6b80000,0x00000000d6c00000)
 ParOldGen       total 68608K, used 43370K [0x0000000080000000, 0x0000000084300000, 0x00000000d5580000)
  object space 68608K, 63% used [0x0000000080000000,0x0000000082a5a8d8,0x0000000084300000)
 Metaspace       used 53755K, committed 55104K, reserved 1114112K
  class space    used 5844K, committed 6464K, reserved 1048576K
}
Event: 19.445 GC heap before
{Heap before GC invocations=36 (full 2):
 PSYoungGen      total 20992K, used 20160K [0x00000000d5580000, 0x00000000d6c00000, 0x0000000100000000)
  eden space 19968K, 100% used [0x00000000d5580000,0x00000000d6900000,0x00000000d6900000)
  from space 1024K, 18% used [0x00000000d6a00000,0x00000000d6a30000,0x00000000d6b00000)
  to   space 512K, 0% used [0x00000000d6b80000,0x00000000d6b80000,0x00000000d6c00000)
 ParOldGen       total 68608K, used 43370K [0x0000000080000000, 0x0000000084300000, 0x00000000d5580000)
  object space 68608K, 63% used [0x0000000080000000,0x0000000082a5a8d8,0x0000000084300000)
 Metaspace       used 53755K, committed 55104K, reserved 1114112K
  class space    used 5844K, committed 6464K, reserved 1048576K
}
Event: 19.447 GC heap after
{Heap after GC invocations=36 (full 2):
 PSYoungGen      total 20480K, used 192K [0x00000000d5580000, 0x00000000d6c00000, 0x0000000100000000)
  eden space 19968K, 0% used [0x00000000d5580000,0x00000000d5580000,0x00000000d6900000)
  from space 512K, 37% used [0x00000000d6b80000,0x00000000d6bb0000,0x00000000d6c00000)
  to   space 512K, 0% used [0x00000000d6b00000,0x00000000d6b00000,0x00000000d6b80000)
 ParOldGen       total 68608K, used 43450K [0x0000000080000000, 0x0000000084300000, 0x00000000d5580000)
  object space 68608K, 63% used [0x0000000080000000,0x0000000082a6e8d8,0x0000000084300000)
 Metaspace       used 53755K, committed 55104K, reserved 1114112K
  class space    used 5844K, committed 6464K, reserved 1048576K
}
Event: 19.611 GC heap before
{Heap before GC invocations=37 (full 2):
 PSYoungGen      total 20480K, used 20160K [0x00000000d5580000, 0x00000000d6c00000, 0x0000000100000000)
  eden space 19968K, 100% used [0x00000000d5580000,0x00000000d6900000,0x00000000d6900000)
  from space 512K, 37% used [0x00000000d6b80000,0x00000000d6bb0000,0x00000000d6c00000)
  to   space 512K, 0% used [0x00000000d6b00000,0x00000000d6b00000,0x00000000d6b80000)
 ParOldGen       total 68608K, used 43450K [0x0000000080000000, 0x0000000084300000, 0x00000000d5580000)
  object space 68608K, 63% used [0x0000000080000000,0x0000000082a6e8d8,0x0000000084300000)
 Metaspace       used 53756K, committed 55104K, reserved 1114112K
  class space    used 5844K, committed 6464K, reserved 1048576K
}
Event: 19.612 GC heap after
{Heap after GC invocations=37 (full 2):
 PSYoungGen      total 20480K, used 128K [0x00000000d5580000, 0x00000000d6c00000, 0x0000000100000000)
  eden space 19968K, 0% used [0x00000000d5580000,0x00000000d5580000,0x00000000d6900000)
  from space 512K, 25% used [0x00000000d6b00000,0x00000000d6b20000,0x00000000d6b80000)
  to   space 512K, 0% used [0x00000000d6b80000,0x00000000d6b80000,0x00000000d6c00000)
 ParOldGen       total 68608K, used 43482K [0x0000000080000000, 0x0000000084300000, 0x00000000d5580000)
  object space 68608K, 63% used [0x0000000080000000,0x0000000082a768d8,0x0000000084300000)
 Metaspace       used 53756K, committed 55104K, reserved 1114112K
  class space    used 5844K, committed 6464K, reserved 1048576K
}
Event: 19.976 GC heap before
{Heap before GC invocations=38 (full 2):
 PSYoungGen      total 20480K, used 20087K [0x00000000d5580000, 0x00000000d6c00000, 0x0000000100000000)
  eden space 19968K, 99% used [0x00000000d5580000,0x00000000d68fdea0,0x00000000d6900000)
  from space 512K, 25% used [0x00000000d6b00000,0x00000000d6b20000,0x00000000d6b80000)
  to   space 512K, 0% used [0x00000000d6b80000,0x00000000d6b80000,0x00000000d6c00000)
 ParOldGen       total 68608K, used 43517K [0x0000000080000000, 0x0000000084300000, 0x00000000d5580000)
  object space 68608K, 63% used [0x0000000080000000,0x0000000082a7f660,0x0000000084300000)
 Metaspace       used 55118K, committed 56576K, reserved 1114112K
  class space    used 6006K, committed 6656K, reserved 1048576K
}
Event: 19.979 GC heap after
{Heap after GC invocations=38 (full 2):
 PSYoungGen      total 20480K, used 504K [0x00000000d5580000, 0x00000000d6d00000, 0x0000000100000000)
  eden space 19968K, 0% used [0x00000000d5580000,0x00000000d5580000,0x00000000d6900000)
  from space 512K, 98% used [0x00000000d6b80000,0x00000000d6bfe1b8,0x00000000d6c00000)
  to   space 2048K, 0% used [0x00000000d6900000,0x00000000d6900000,0x00000000d6b00000)
 ParOldGen       total 68608K, used 44663K [0x0000000080000000, 0x0000000084300000, 0x00000000d5580000)
  object space 68608K, 65% used [0x0000000080000000,0x0000000082b9df18,0x0000000084300000)
 Metaspace       used 55118K, committed 56576K, reserved 1114112K
  class space    used 6006K, committed 6656K, reserved 1048576K
}
Event: 21.309 GC heap before
{Heap before GC invocations=39 (full 2):
 PSYoungGen      total 20480K, used 20472K [0x00000000d5580000, 0x00000000d6d00000, 0x0000000100000000)
  eden space 19968K, 100% used [0x00000000d5580000,0x00000000d6900000,0x00000000d6900000)
  from space 512K, 98% used [0x00000000d6b80000,0x00000000d6bfe1b8,0x00000000d6c00000)
  to   space 2048K, 0% used [0x00000000d6900000,0x00000000d6900000,0x00000000d6b00000)
 ParOldGen       total 68608K, used 44665K [0x0000000080000000, 0x0000000084300000, 0x00000000d5580000)
  object space 68608K, 65% used [0x0000000080000000,0x0000000082b9e778,0x0000000084300000)
 Metaspace       used 56321K, committed 57728K, reserved 1114112K
  class space    used 6110K, committed 6720K, reserved 1048576K
}
Event: 21.316 GC heap after
{Heap after GC invocations=39 (full 2):
 PSYoungGen      total 22016K, used 1872K [0x00000000d5580000, 0x00000000d6d00000, 0x0000000100000000)
  eden space 19968K, 0% used [0x00000000d5580000,0x00000000d5580000,0x00000000d6900000)
  from space 2048K, 91% used [0x00000000d6900000,0x00000000d6ad4040,0x00000000d6b00000)
  to   space 2048K, 0% used [0x00000000d6b00000,0x00000000d6b00000,0x00000000d6d00000)
 ParOldGen       total 68608K, used 45147K [0x0000000080000000, 0x0000000084300000, 0x00000000d5580000)
  object space 68608K, 65% used [0x0000000080000000,0x0000000082c16fa0,0x0000000084300000)
 Metaspace       used 56321K, committed 57728K, reserved 1114112K
  class space    used 6110K, committed 6720K, reserved 1048576K
}
Event: 21.440 GC heap before
{Heap before GC invocations=40 (full 2):
 PSYoungGen      total 22016K, used 21840K [0x00000000d5580000, 0x00000000d6d00000, 0x0000000100000000)
  eden space 19968K, 100% used [0x00000000d5580000,0x00000000d6900000,0x00000000d6900000)
  from space 2048K, 91% used [0x00000000d6900000,0x00000000d6ad4040,0x00000000d6b00000)
  to   space 2048K, 0% used [0x00000000d6b00000,0x00000000d6b00000,0x00000000d6d00000)
 ParOldGen       total 68608K, used 45147K [0x0000000080000000, 0x0000000084300000, 0x00000000d5580000)
  object space 68608K, 65% used [0x0000000080000000,0x0000000082c16fa0,0x0000000084300000)
 Metaspace       used 56387K, committed 57728K, reserved 1114112K
  class space    used 6118K, committed 6720K, reserved 1048576K
}

